<?xml version="1.0" encoding="UTF-8"?>
<!-- Generated by org.testng.reporters.JUnitXMLReporter -->
<testsuite ignored="0" hostname="DESKTOP-0T2B9NV" failures="0" tests="6" name="Default test" time="0.08" errors="0" timestamp="2021-11-23T00:41:33 EST">
  <testcase classname="com.automation.Base.TestNG_priority" name="signup" time="0.012"/>
  <testcase classname="com.automation.Base.TestNG_priority" name="login" time="0.001"/>
  <testcase classname="com.automation.Base.TestNG_priority" name="searchproduct" time="0.001"/>
  <testcase classname="com.automation.Base.TestNG_priority" name="addtocart" time="0.002"/>
  <testcase classname="com.automation.Base.TestNG_priority" name="payment" time="0.001"/>
  <testcase classname="com.automation.Base.TestNG_priority" name="signout" time="0.001"/>
</testsuite> <!-- Default test -->
