<?xml version="1.0" encoding="UTF-8"?>
<testng-results ignored="0" total="6" passed="6" failed="0" skipped="0">
  <reporter-output>
  </reporter-output>
  <suite started-at="2021-11-23T00:41:33 EST" name="Default suite" finished-at="2021-11-23T00:41:33 EST" duration-ms="80">
    <groups>
    </groups>
    <test started-at="2021-11-23T00:41:33 EST" name="Default test" finished-at="2021-11-23T00:41:33 EST" duration-ms="80">
      <class name="com.automation.Base.TestNG_priority">
        <test-method signature="signup()[pri:1, instance:com.automation.Base.TestNG_priority@1649b0e6]" started-at="2021-11-23T00:41:33 EST" name="signup" finished-at="2021-11-23T00:41:33 EST" duration-ms="12" status="PASS">
          <reporter-output>
          </reporter-output>
        </test-method> <!-- signup -->
        <test-method signature="login()[pri:2, instance:com.automation.Base.TestNG_priority@1649b0e6]" started-at="2021-11-23T00:41:33 EST" name="login" finished-at="2021-11-23T00:41:33 EST" duration-ms="1" status="PASS">
          <reporter-output>
          </reporter-output>
        </test-method> <!-- login -->
        <test-method signature="searchproduct()[pri:3, instance:com.automation.Base.TestNG_priority@1649b0e6]" started-at="2021-11-23T00:41:33 EST" name="searchproduct" finished-at="2021-11-23T00:41:33 EST" duration-ms="1" status="PASS">
          <reporter-output>
          </reporter-output>
        </test-method> <!-- searchproduct -->
        <test-method signature="addtocart()[pri:4, instance:com.automation.Base.TestNG_priority@1649b0e6]" started-at="2021-11-23T00:41:33 EST" name="addtocart" finished-at="2021-11-23T00:41:33 EST" duration-ms="2" status="PASS">
          <reporter-output>
          </reporter-output>
        </test-method> <!-- addtocart -->
        <test-method signature="payment()[pri:5, instance:com.automation.Base.TestNG_priority@1649b0e6]" started-at="2021-11-23T00:41:33 EST" name="payment" finished-at="2021-11-23T00:41:33 EST" duration-ms="1" status="PASS">
          <reporter-output>
          </reporter-output>
        </test-method> <!-- payment -->
        <test-method signature="signout()[pri:6, instance:com.automation.Base.TestNG_priority@1649b0e6]" started-at="2021-11-23T00:41:33 EST" name="signout" finished-at="2021-11-23T00:41:33 EST" duration-ms="1" status="PASS">
          <reporter-output>
          </reporter-output>
        </test-method> <!-- signout -->
      </class> <!-- com.automation.Base.TestNG_priority -->
    </test> <!-- Default test -->
  </suite> <!-- Default suite -->
</testng-results>
