<?xml version="1.0" encoding="UTF-8"?>
<!-- Generated by org.testng.reporters.JUnitXMLReporter -->
<testsuite ignored="0" hostname="DESKTOP-0T2B9NV" failures="1" tests="2" name="Test" time="7.752" errors="0" timestamp="2021-11-19T00:33:13 EST">
  <testcase classname="com.automation.Base.Webtables" name="tables" time="4.437"/>
  <testcase classname="com.automation.Base.drag_drop" name="dragdrop" time="3.257">
    <failure type="java.io.FileNotFoundException" message=".\screenshots\img.png (The system cannot find the path specified)">
      <![CDATA[java.io.FileNotFoundException: .\screenshots\img.png (The system cannot find the path specified)
at java.base/java.io.FileOutputStream.open0(Native Method)
at java.base/java.io.FileOutputStream.open(FileOutputStream.java:291)
at java.base/java.io.FileOutputStream.<init>(FileOutputStream.java:234)
at java.base/java.io.FileOutputStream.<init>(FileOutputStream.java:184)
at org.openqa.selenium.io.FileHandler.copyFile(FileHandler.java:138)
at org.openqa.selenium.io.FileHandler.copy(FileHandler.java:117)
at com.automation.Base.drag_drop.dragdrop(drag_drop.java:34)
at java.base/java.util.ArrayList.forEach(ArrayList.java:1511)
... Removed 27 stack frames]]>
    </failure>
  </testcase> <!-- dragdrop -->
</testsuite> <!-- Test -->
